2021-03-30 17:11:47,616 werkzeug  * Debugger is active!
2021-03-30 17:11:47,644 werkzeug  * Debugger PIN: 141-834-372
2021-03-30 17:11:47,653 werkzeug  * Running on http://127.0.0.1:5000/ (Press CTRL+C to quit)
2021-03-30 17:11:49,834 werkzeug 127.0.0.1 - - [30/Mar/2021 17:11:49] "[37mGET /system HTTP/1.1[0m" 200 -
2021-03-30 17:11:59,549 werkzeug 127.0.0.1 - - [30/Mar/2021 17:11:59] "[37mGET / HTTP/1.1[0m" 200 -
2021-03-30 17:12:08,793 werkzeug 127.0.0.1 - - [30/Mar/2021 17:12:08] "[32mPOST / HTTP/1.1[0m" 302 -
2021-03-30 17:12:08,822 werkzeug 127.0.0.1 - - [30/Mar/2021 17:12:08] "[37mGET /system HTTP/1.1[0m" 200 -
2021-03-30 17:12:19,020 werkzeug 127.0.0.1 - - [30/Mar/2021 17:12:19] "[32mPOST /system HTTP/1.1[0m" 302 -
2021-03-30 17:12:19,063 werkzeug 127.0.0.1 - - [30/Mar/2021 17:12:19] "[37mGET /choice HTTP/1.1[0m" 200 -
2021-03-30 17:12:21,266 werkzeug 127.0.0.1 - - [30/Mar/2021 17:12:21] "[32mPOST /choice HTTP/1.1[0m" 302 -
2021-03-30 17:12:21,329 werkzeug 127.0.0.1 - - [30/Mar/2021 17:12:21] "[37mGET /erp/weclapp HTTP/1.1[0m" 200 -
2021-03-30 17:12:27,764 apscheduler.scheduler Added job "MiddlewareControl.job_interval_updates" to job store "default"
2021-03-30 17:12:27,766 werkzeug 127.0.0.1 - - [30/Mar/2021 17:12:27] "[32mPOST /erp/weclapp HTTP/1.1[0m" 302 -
2021-03-30 17:12:27,766 apscheduler.scheduler Looking for jobs to run
2021-03-30 17:12:27,767 apscheduler.scheduler Next wakeup is due at 2021-03-30 17:12:57.764214+02:00 (in 29.997021 seconds)
2021-03-30 17:12:27,794 werkzeug 127.0.0.1 - - [30/Mar/2021 17:12:27] "[37mGET / HTTP/1.1[0m" 200 -
2021-03-30 17:12:57,780 apscheduler.scheduler Looking for jobs to run
2021-03-30 17:12:57,781 apscheduler.executors.default Running job "MiddlewareControl.job_interval_updates (trigger: interval[0:00:30], next run at: 2021-03-30 17:12:57 CEST)" (scheduled at 2021-03-30 17:12:57.764214+02:00)
2021-03-30 17:12:57,781 apscheduler.scheduler Next wakeup is due at 2021-03-30 17:13:27.764214+02:00 (in 29.983659 seconds)
2021-03-30 17:12:57,841 urllib3.connectionpool Starting new HTTPS connection (1): wwmeqaovgkvqrzk.weclapp.com:443
2021-03-30 17:12:58,042 urllib3.connectionpool https://wwmeqaovgkvqrzk.weclapp.com:443 "POST /webapp/api/v1/article HTTP/1.1" 201 None
2021-03-30 17:12:58,048 urllib3.connectionpool Starting new HTTPS connection (1): wwmeqaovgkvqrzk.weclapp.com:443
2021-03-30 17:12:58,200 urllib3.connectionpool https://wwmeqaovgkvqrzk.weclapp.com:443 "POST /webapp/api/v1/article HTTP/1.1" 201 None
2021-03-30 17:12:58,207 urllib3.connectionpool Starting new HTTPS connection (1): wwmeqaovgkvqrzk.weclapp.com:443
2021-03-30 17:12:58,357 urllib3.connectionpool https://wwmeqaovgkvqrzk.weclapp.com:443 "POST /webapp/api/v1/article HTTP/1.1" 201 None
2021-03-30 17:12:58,366 urllib3.connectionpool Starting new HTTPS connection (1): wwmeqaovgkvqrzk.weclapp.com:443
2021-03-30 17:12:58,512 urllib3.connectionpool https://wwmeqaovgkvqrzk.weclapp.com:443 "POST /webapp/api/v1/article HTTP/1.1" 201 None
2021-03-30 17:12:58,524 urllib3.connectionpool Starting new HTTPS connection (1): wwmeqaovgkvqrzk.weclapp.com:443
2021-03-30 17:12:58,700 urllib3.connectionpool https://wwmeqaovgkvqrzk.weclapp.com:443 "POST /webapp/api/v1/article HTTP/1.1" 201 None
2021-03-30 17:12:58,735 urllib3.connectionpool Starting new HTTPS connection (1): wwmeqaovgkvqrzk.weclapp.com:443
2021-03-30 17:12:58,903 urllib3.connectionpool https://wwmeqaovgkvqrzk.weclapp.com:443 "GET /webapp/api/v1/article HTTP/1.1" 200 None
2021-03-30 17:12:58,958 urllib3.connectionpool Starting new HTTPS connection (1): wwmeqaovgkvqrzk.weclapp.com:443
2021-03-30 17:12:59,158 urllib3.connectionpool https://wwmeqaovgkvqrzk.weclapp.com:443 "PUT /webapp/api/v1/article/id/5084 HTTP/1.1" 200 None
2021-03-30 17:12:59,215 root Exportierte Anlagen: System: weclapp; Richtung: tagid_erp ;Artikel Nummern: ['11115', '11116', '11117', '11118', '11119']
2021-03-30 17:12:59,216 root Update: System: weclapp; Artikel Nummern: ['11115']
2021-03-30 17:12:59,216 apscheduler.executors.default Job "MiddlewareControl.job_interval_updates (trigger: interval[0:00:30], next run at: 2021-03-30 17:13:27 CEST)" executed successfully
2021-03-30 17:13:27,797 apscheduler.scheduler Looking for jobs to run
2021-03-30 17:13:27,798 apscheduler.scheduler Next wakeup is due at 2021-03-30 17:13:57.764214+02:00 (in 29.966126 seconds)
2021-03-30 17:13:27,798 apscheduler.executors.default Running job "MiddlewareControl.job_interval_updates (trigger: interval[0:00:30], next run at: 2021-03-30 17:13:57 CEST)" (scheduled at 2021-03-30 17:13:27.764214+02:00)
2021-03-30 17:13:27,880 urllib3.connectionpool Starting new HTTPS connection (1): wwmeqaovgkvqrzk.weclapp.com:443
2021-03-30 17:13:28,069 urllib3.connectionpool https://wwmeqaovgkvqrzk.weclapp.com:443 "POST /webapp/api/v1/article HTTP/1.1" 400 43
2021-03-30 17:13:28,083 urllib3.connectionpool Starting new HTTPS connection (1): wwmeqaovgkvqrzk.weclapp.com:443
2021-03-30 17:13:28,217 urllib3.connectionpool https://wwmeqaovgkvqrzk.weclapp.com:443 "POST /webapp/api/v1/article HTTP/1.1" 400 43
2021-03-30 17:13:28,227 urllib3.connectionpool Starting new HTTPS connection (1): wwmeqaovgkvqrzk.weclapp.com:443
2021-03-30 17:13:28,354 urllib3.connectionpool https://wwmeqaovgkvqrzk.weclapp.com:443 "POST /webapp/api/v1/article HTTP/1.1" 400 43
2021-03-30 17:13:28,362 urllib3.connectionpool Starting new HTTPS connection (1): wwmeqaovgkvqrzk.weclapp.com:443
2021-03-30 17:13:28,556 urllib3.connectionpool https://wwmeqaovgkvqrzk.weclapp.com:443 "POST /webapp/api/v1/article HTTP/1.1" 400 43
2021-03-30 17:13:28,566 urllib3.connectionpool Starting new HTTPS connection (1): wwmeqaovgkvqrzk.weclapp.com:443
2021-03-30 17:13:28,687 urllib3.connectionpool https://wwmeqaovgkvqrzk.weclapp.com:443 "POST /webapp/api/v1/article HTTP/1.1" 400 43
2021-03-30 17:13:28,722 urllib3.connectionpool Starting new HTTPS connection (1): wwmeqaovgkvqrzk.weclapp.com:443
2021-03-30 17:13:28,870 urllib3.connectionpool https://wwmeqaovgkvqrzk.weclapp.com:443 "GET /webapp/api/v1/article HTTP/1.1" 200 None
2021-03-30 17:13:28,874 root Exportierte Anlagen: System: weclapp; Richtung: tagid_erp ;Artikel Nummern: []
2021-03-30 17:13:28,875 root Update: System: weclapp; Artikel Nummern: []
2021-03-30 17:13:28,875 apscheduler.executors.default Job "MiddlewareControl.job_interval_updates (trigger: interval[0:00:30], next run at: 2021-03-30 17:13:57 CEST)" executed successfully
2021-03-30 17:13:40,216 werkzeug 127.0.0.1 - - [30/Mar/2021 17:13:40] "[32mPOST / HTTP/1.1[0m" 302 -
2021-03-30 17:13:40,246 apscheduler.scheduler Removed job job_interval
2021-03-30 17:13:40,247 werkzeug 127.0.0.1 - - [30/Mar/2021 17:13:40] "[37mGET /system HTTP/1.1[0m" 200 -
2021-03-30 17:13:57,766 apscheduler.scheduler Looking for jobs to run
2021-03-30 17:13:57,766 apscheduler.scheduler No jobs; waiting until a job is added
2021-03-30 17:14:16,957 werkzeug 127.0.0.1 - - [30/Mar/2021 17:14:16] "[32mPOST /system HTTP/1.1[0m" 302 -
2021-03-30 17:14:16,979 werkzeug 127.0.0.1 - - [30/Mar/2021 17:14:16] "[37mGET /choice HTTP/1.1[0m" 200 -
2021-03-30 17:14:19,845 werkzeug 127.0.0.1 - - [30/Mar/2021 17:14:19] "[32mPOST /choice HTTP/1.1[0m" 302 -
2021-03-30 17:14:19,909 werkzeug 127.0.0.1 - - [30/Mar/2021 17:14:19] "[37mGET /erp/weclapp HTTP/1.1[0m" 200 -
2021-03-30 17:14:23,982 apscheduler.scheduler Added job "MiddlewareControl.job_interval_updates" to job store "default"
2021-03-30 17:14:23,984 werkzeug 127.0.0.1 - - [30/Mar/2021 17:14:23] "[32mPOST /erp/weclapp HTTP/1.1[0m" 302 -
2021-03-30 17:14:23,984 apscheduler.scheduler Looking for jobs to run
2021-03-30 17:14:23,985 apscheduler.scheduler Next wakeup is due at 2021-03-30 17:14:53.982238+02:00 (in 29.997002 seconds)
2021-03-30 17:14:24,011 werkzeug 127.0.0.1 - - [30/Mar/2021 17:14:24] "[37mGET / HTTP/1.1[0m" 200 -
2021-03-30 17:14:53,995 apscheduler.scheduler Looking for jobs to run
2021-03-30 17:14:53,996 apscheduler.scheduler Next wakeup is due at 2021-03-30 17:15:23.982238+02:00 (in 29.986705 seconds)
2021-03-30 17:14:53,996 apscheduler.executors.default Running job "MiddlewareControl.job_interval_updates (trigger: interval[0:00:30], next run at: 2021-03-30 17:15:23 CEST)" (scheduled at 2021-03-30 17:14:53.982238+02:00)
2021-03-30 17:14:54,054 urllib3.connectionpool Starting new HTTPS connection (1): wwmeqaovgkvqrzk.weclapp.com:443
2021-03-30 17:14:54,435 urllib3.connectionpool https://wwmeqaovgkvqrzk.weclapp.com:443 "GET /webapp/api/v1/article HTTP/1.1" 200 None
2021-03-30 17:14:54,573 urllib3.connectionpool Starting new HTTPS connection (1): wwmeqaovgkvqrzk.weclapp.com:443
2021-03-30 17:14:54,719 urllib3.connectionpool https://wwmeqaovgkvqrzk.weclapp.com:443 "GET /webapp/api/v1/article HTTP/1.1" 200 None
2021-03-30 17:14:54,734 root Exportierte Anlagen: System: weclapp; Richtung: erp_tagid ;Artikel Nummern: ['11115', '11116', '11117', '11118', '11119']
2021-03-30 17:14:54,734 root Update: System: weclapp; Artikel Nummern: []
2021-03-30 17:14:54,734 apscheduler.executors.default Job "MiddlewareControl.job_interval_updates (trigger: interval[0:00:30], next run at: 2021-03-30 17:15:23 CEST)" executed successfully
2021-03-30 17:18:13,997 apscheduler.scheduler Scheduler started
2021-03-30 17:18:13,998 apscheduler.scheduler Looking for jobs to run
2021-03-30 17:18:13,999 apscheduler.scheduler No jobs; waiting until a job is added
2021-03-30 17:18:14,867 werkzeug  * Restarting with stat
2021-03-30 17:18:17,297 apscheduler.scheduler Scheduler started
2021-03-30 17:18:17,299 apscheduler.scheduler Looking for jobs to run
2021-03-30 17:18:17,303 apscheduler.scheduler No jobs; waiting until a job is added
2021-03-30 17:18:18,095 werkzeug  * Debugger is active!
2021-03-30 17:18:18,119 werkzeug  * Debugger PIN: 141-834-372
2021-03-30 17:18:18,135 werkzeug  * Running on http://127.0.0.1:5000/ (Press CTRL+C to quit)
2021-03-30 17:18:25,723 werkzeug 127.0.0.1 - - [30/Mar/2021 17:18:25] "[37mGET / HTTP/1.1[0m" 200 -
2021-03-30 17:18:56,052 apscheduler.scheduler Added job "MiddlewareControl.job_interval_updates" to job store "default"
2021-03-30 17:18:56,053 werkzeug 127.0.0.1 - - [30/Mar/2021 17:18:56] "[37mGET /background_process_test HTTP/1.1[0m" 200 -
2021-03-30 17:18:56,053 apscheduler.scheduler Looking for jobs to run
2021-03-30 17:18:56,054 apscheduler.scheduler Next wakeup is due at 2021-03-30 17:19:26.051449+02:00 (in 29.997001 seconds)
2021-03-30 17:18:56,099 werkzeug 127.0.0.1 - - [30/Mar/2021 17:18:56] "[37mGET / HTTP/1.1[0m" 200 -
2021-03-30 17:19:26,056 apscheduler.scheduler Looking for jobs to run
2021-03-30 17:19:26,058 apscheduler.executors.default Running job "MiddlewareControl.job_interval_updates (trigger: interval[0:00:30], next run at: 2021-03-30 17:19:26 CEST)" (scheduled at 2021-03-30 17:19:26.051449+02:00)
2021-03-30 17:19:26,059 apscheduler.scheduler Next wakeup is due at 2021-03-30 17:19:56.051449+02:00 (in 29.994302 seconds)
2021-03-30 17:19:26,139 urllib3.connectionpool Starting new HTTPS connection (1): wwmeqaovgkvqrzk.weclapp.com:443
2021-03-30 17:19:26,357 urllib3.connectionpool https://wwmeqaovgkvqrzk.weclapp.com:443 "GET /webapp/api/v1/article HTTP/1.1" 200 None
2021-03-30 17:19:26,533 urllib3.connectionpool Starting new HTTPS connection (1): wwmeqaovgkvqrzk.weclapp.com:443
2021-03-30 17:19:26,722 urllib3.connectionpool https://wwmeqaovgkvqrzk.weclapp.com:443 "GET /webapp/api/v1/article HTTP/1.1" 200 None
2021-03-30 17:19:26,740 urllib3.connectionpool Starting new HTTPS connection (1): wwmeqaovgkvqrzk.weclapp.com:443
2021-03-30 17:19:26,958 urllib3.connectionpool https://wwmeqaovgkvqrzk.weclapp.com:443 "PUT /webapp/api/v1/article/id/5084 HTTP/1.1" 200 None
2021-03-30 17:19:26,966 urllib3.connectionpool Starting new HTTPS connection (1): wwmeqaovgkvqrzk.weclapp.com:443
2021-03-30 17:19:27,174 urllib3.connectionpool https://wwmeqaovgkvqrzk.weclapp.com:443 "PUT /webapp/api/v1/article/id/5094 HTTP/1.1" 200 None
2021-03-30 17:19:27,184 urllib3.connectionpool Starting new HTTPS connection (1): wwmeqaovgkvqrzk.weclapp.com:443
2021-03-30 17:19:27,379 urllib3.connectionpool https://wwmeqaovgkvqrzk.weclapp.com:443 "PUT /webapp/api/v1/article/id/5099 HTTP/1.1" 200 None
2021-03-30 17:19:27,466 root Exportierte Anlagen: System: weclapp; Richtung: erp_tagid ;Artikel Nummern: ['11115', '11116', '11117', '11118', '11119']
2021-03-30 17:19:27,466 root Update: System: weclapp; Artikel Nummern: ['11115', '11117', '11118']
2021-03-30 17:19:27,466 apscheduler.executors.default Job "MiddlewareControl.job_interval_updates (trigger: interval[0:00:30], next run at: 2021-03-30 17:19:56 CEST)" executed successfully
2021-03-30 17:19:56,061 apscheduler.scheduler Looking for jobs to run
2021-03-30 17:19:56,063 apscheduler.scheduler Next wakeup is due at 2021-03-30 17:20:26.051449+02:00 (in 29.988878 seconds)
2021-03-30 17:19:56,063 apscheduler.executors.default Running job "MiddlewareControl.job_interval_updates (trigger: interval[0:00:30], next run at: 2021-03-30 17:20:26 CEST)" (scheduled at 2021-03-30 17:19:56.051449+02:00)
2021-03-30 17:19:56,131 urllib3.connectionpool Starting new HTTPS connection (1): wwmeqaovgkvqrzk.weclapp.com:443
2021-03-30 17:19:56,339 urllib3.connectionpool https://wwmeqaovgkvqrzk.weclapp.com:443 "GET /webapp/api/v1/article HTTP/1.1" 200 None
2021-03-30 17:19:56,466 urllib3.connectionpool Starting new HTTPS connection (1): wwmeqaovgkvqrzk.weclapp.com:443
2021-03-30 17:19:56,616 urllib3.connectionpool https://wwmeqaovgkvqrzk.weclapp.com:443 "GET /webapp/api/v1/article HTTP/1.1" 200 None
2021-03-30 17:19:56,648 root Exportierte Anlagen: System: weclapp; Richtung: erp_tagid ;Artikel Nummern: ['11115', '11116', '11117', '11118', '11119']
2021-03-30 17:19:56,649 root Update: System: weclapp; Artikel Nummern: []
2021-03-30 17:19:56,649 apscheduler.executors.default Job "MiddlewareControl.job_interval_updates (trigger: interval[0:00:30], next run at: 2021-03-30 17:20:26 CEST)" executed successfully
2021-04-01 16:30:03,750 apscheduler.scheduler Scheduler started
2021-04-01 16:30:03,757 apscheduler.scheduler Looking for jobs to run
2021-04-01 16:30:03,758 apscheduler.scheduler No jobs; waiting until a job is added
2021-04-01 16:30:04,674 werkzeug  * Restarting with stat
2021-04-01 16:30:07,093 apscheduler.scheduler Scheduler started
2021-04-01 16:30:07,094 apscheduler.scheduler Looking for jobs to run
2021-04-01 16:30:07,095 apscheduler.scheduler No jobs; waiting until a job is added
